<?xml version="1.0" encoding="UTF-8"?>
<!-- Generated by org.testng.reporters.JUnitReportReporter -->
<testsuite hostname="SASI-PRODDEV-228" failures="0" tests="1" name="Launch.Login" time="0.873" errors="0" timestamp="2024-06-07T16:41:42 IST" skipped="0">
  <testcase classname="Launch.Login" name="openBrowser" time="0.873"/>
  <system-out/>
</testsuite> <!-- Launch.Login -->
