<?xml version="1.0" encoding="UTF-8"?>
<!-- Generated by org.testng.reporters.JUnitReportReporter -->
<testsuite hostname="SASI-PRODDEV-228" name="Login" tests="1" failures="0" timestamp="25 Jan 2024 09:01:27 GMT" time="1.278" errors="0">
  <testcase name="openBrowser" time="1.278" classname="Login"/>
</testsuite> <!-- Login -->
