<?xml version="1.0" encoding="UTF-8"?>
<!-- Generated by org.testng.reporters.JUnitReportReporter -->
<testsuite hostname="SASI-PRODDEV-228" failures="0" tests="1" name="Login" time="2.343" errors="0" timestamp="6 Jun 2024 07:09:16 GMT">
  <testcase classname="Login" name="openBrowser" time="2.343"/>
</testsuite> <!-- Login -->
