<?xml version="1.0" encoding="UTF-8"?>
<!-- Generated by org.testng.reporters.JUnitReportReporter -->
<testsuite hostname="SASI-PRODDEV-228" name="Login" tests="1" failures="0" timestamp="25 Jan 2024 17:06:22 GMT" time="2.894" errors="0">
  <testcase name="openBrowser" time="2.894" classname="Login"/>
</testsuite> <!-- Login -->
